<?xml version="1.0" encoding="UTF-8"?>
<testsuite name="inventory.AppTest" tests="1" skipped="0" failures="0" errors="0" timestamp="2025-01-08T14:49:20" hostname="Carsons-MacBook-Air.local" time="0.006">
  <properties/>
  <testcase name="appHasAGreeting()" classname="inventory.AppTest" time="0.006"/>
  <system-out><![CDATA[]]></system-out>
  <system-err><![CDATA[]]></system-err>
</testsuite>
